[25/08/2023 16:00:05] GET /api 200 1.656 ms - 34
::ffff:127.0.0.1 - - [25/08/2023 16:01:40] "GET /api HTTP/1.1" 200 34 "-" "node-fetch/1.0 (+https://github.com/bitinn/node-fetch)"
[25/08/2023 16:05:43] GET /api 200 1.704 ms - 34
[25/08/2023 16:05:44] GET /api 200 0.368 ms - 34
[25/08/2023 16:06:07] GET /apis 404 1.097 ms - 143
[25/08/2023 16:07:55] GET /apis 404 1.286 ms - 143
[25/08/2023 16:07:55] GET /apis 404 1.286 ms - 143
[25/08/2023 16:07:56] GET /apis 404 0.479 ms - 143
[25/08/2023 16:07:56] GET /apis 404 0.479 ms - 143
[25/08/2023 16:08:09] GET /apis 404 1.210 ms - 143
[25/08/2023 16:08:10] GET /apis 404 0.510 ms - 143
[25/08/2023 16:08:13] GET /api 200 2.312 ms - 34
[25/08/2023 16:08:52] GET /api 200 1.576 ms - 34
[25/08/2023 16:08:53] GET /api 200 0.391 ms - 34
[25/08/2023 16:08:55] GET /apis 404 1.120 ms - 143
[25/08/2023 16:09:17] GET /apis 404 1.228 ms - 143
[25/08/2023 16:09:18] GET /apis 404 0.241 ms - 143
[26/08/2023 17:16:23] POST / 404 1.061 ms - 140
[26/08/2023 17:16:55] POST /api/usuario/registrar 404 73.130 ms - 161
[26/08/2023 17:18:02] POST /api/usuario/registrar 200 242.549 ms - 52
[26/08/2023 17:24:27] POST /api/usuario/registrar 400 70.962 ms - 195
[26/08/2023 17:31:06] POST /api/usuario/registrar 400 149.460 ms - 330
[26/08/2023 18:02:35] POST /api/usuario/registrar 201 316.577 ms - 250
[26/08/2023 18:17:24] POST /api/auth 404 1.629 ms - 148
[26/08/2023 18:34:36] POST /api/auth 404 2.762 ms - 148
[26/08/2023 18:34:41] POST /api/usuario/registrar 201 538.869 ms - 250
[26/08/2023 18:36:59] POST /api/auth 404 2.816 ms - 148
[26/08/2023 18:37:04] POST /api/auth/login 404 1.942 ms - 154
[26/08/2023 18:37:29] POST /api/auth/login 400 12.579 ms - 212
[26/08/2023 18:38:00] POST /api/auth/login 400 4.581 ms - 124
[26/08/2023 18:38:14] POST /api/auth/login 200 9.844 ms - 34
[26/08/2023 18:42:39] POST /api/auth/login 500 128.756 ms - 89
[26/08/2023 18:43:25] POST /api/auth/login 500 108.548 ms - 89
[26/08/2023 18:43:28] POST /api/auth/login 500 66.757 ms - 89
